<?xml version="1.0" encoding="UTF-8"?>
<testsuite xmlns:xsi="http://www.w3.org/2001/XMLSchema-instance" xsi:noNamespaceSchemaLocation="https://maven.apache.org/surefire/maven-surefire-plugin/xsd/surefire-test-report.xsd" name="com.challenge.suite.ChallengeTestSuite" time="11.58" tests="102" errors="3" skipped="0" failures="0">
  <properties>
[...]
</properties>
  <testcase name="hasOneToManyCandidates" classname="com.challenge.suite.AccelerationTest" time="1.32"/>
  <testcase name="hasManyToOneChallenge" classname="com.challenge.suite.AccelerationTest" time="0.399"/>
  <testcase name="hasColumnName" classname="com.challenge.suite.AccelerationTest" time="0.212"/>
  <testcase name="hasColumnSlug" classname="com.challenge.suite.AccelerationTest" time="0.247"/>
  <testcase name="hasColumnSlugSize" classname="com.challenge.suite.AccelerationTest" time="0.189"/>
  <testcase name="hasColumnSlugNotNull" classname="com.challenge.suite.AccelerationTest" time="0.257"/>
  <testcase name="hasColumnNameNotNull" classname="com.challenge.suite.AccelerationTest" time="0.194"/>
  <testcase name="hasColumnNameSized" classname="com.challenge.suite.AccelerationTest" time="0.159"/>
  <testcase name="verifyTableName" classname="com.challenge.suite.AccelerationTest" time="0.06"/>
  <testcase name="checkOneToManyFieldsQuantity" classname="com.challenge.suite.AccelerationTest" time="0.129"/>
  <testcase name="hasColumnCreatedAtWithAnnotationCreatedDate" classname="com.challenge.suite.AccelerationTest" time="0.086"/>
  <testcase name="isEntity" classname="com.challenge.suite.AccelerationTest" time="0.167"/>
  <testcase name="isEntityListener" classname="com.challenge.suite.AccelerationTest" time="0.107"/>
  <testcase name="checkManyToOneFieldsQuantity" classname="com.challenge.suite.AccelerationTest" time="0.199"/>
  <testcase name="hasColumnCreatedAt" classname="com.challenge.suite.AccelerationTest" time="0.186"/>
  <testcase name="oneToManyFieldsFieldsAreCollection" classname="com.challenge.suite.AccelerationTest" time="0.264"/>
  <testcase name="hasColumnStatus" classname="com.challenge.suite.CandidateTest" time="0.126"/>
  <testcase name="hasColumnStatusNotNull" classname="com.challenge.suite.CandidateTest" time="0.165"/>
  <testcase name="checkPrimaryKeysWithManyToOne" classname="com.challenge.suite.CandidateTest" time="0.254"/>
  <testcase name="hasEmbeddedId" classname="com.challenge.suite.CandidateTest" time="0.108"/>
  <testcase name="checkEmbeddedIdIsEmbeddable" classname="com.challenge.suite.CandidateTest" time="0.148"/>
  <testcase name="checkPrimaryKeys" classname="com.challenge.suite.CandidateTest" time="0.165">
    <error type="java.lang.NullPointerException">java.lang.NullPointerException
</error>
    <system-out><![CDATA[16:10:00.398 [main] DEBUG org.reflections.Reflections - going to scan these urls:
file:/home/ricardorosa/codenation/java-9/target/classes/
16:10:00.407 [main] DEBUG org.reflections.Reflections - could not scan file com/challenge/entity/.gitkeep in url file:/home/ricardorosa/codenation/java-9/target/classes/ with scanner TypeAnnotationsScanner
org.reflections.ReflectionsException: could not create class object from file com/challenge/entity/.gitkeep
	at org.reflections.scanners.AbstractScanner.scan(AbstractScanner.java:32)
	at org.reflections.Reflections.scan(Reflections.java:253)
	at org.reflections.Reflections.scan(Reflections.java:202)
	at org.reflections.Reflections.<init>(Reflections.java:123)
	at org.reflections.Reflections.<init>(Reflections.java:168)
	at org.reflections.Reflections.<init>(Reflections.java:141)
	at com.challenge.suite.ClassTest.getClassByNameOrTableName(ClassTest.java:231)
	at com.challenge.suite.ClassTest.newObject(ClassTest.java:172)
	at com.challenge.suite.ClassTest.findFieldAnnotatedBy(ClassTest.java:138)
	at com.challenge.suite.TableWithEmbeddedIdTest.checkPrimaryKeys(TableWithEmbeddedIdTest.java:36)
	at java.base/jdk.internal.reflect.NativeMethodAccessorImpl.invoke0(Native Method)
	at java.base/jdk.internal.reflect.NativeMethodAccessorImpl.invoke(NativeMethodAccessorImpl.java:62)
	at java.base/jdk.internal.reflect.DelegatingMethodAccessorImpl.invoke(DelegatingMethodAccessorImpl.java:43)
	at java.base/java.lang.reflect.Method.invoke(Method.java:566)
	at org.junit.runners.model.FrameworkMethod$1.runReflectiveCall(FrameworkMethod.java:50)
	at org.junit.internal.runners.model.ReflectiveCallable.run(ReflectiveCallable.java:12)
	at org.junit.runners.model.FrameworkMethod.invokeExplosively(FrameworkMethod.java:47)
	at org.junit.internal.runners.statements.InvokeMethod.evaluate(InvokeMethod.java:17)
	at org.junit.runners.ParentRunner.runLeaf(ParentRunner.java:325)
	at org.junit.runners.BlockJUnit4ClassRunner.runChild(BlockJUnit4ClassRunner.java:78)
	at org.junit.runners.BlockJUnit4ClassRunner.runChild(BlockJUnit4ClassRunner.java:57)
	at org.junit.runners.ParentRunner$3.run(ParentRunner.java:290)
	at org.junit.runners.ParentRunner$1.schedule(ParentRunner.java:71)
	at org.junit.runners.ParentRunner.runChildren(ParentRunner.java:288)
	at org.junit.runners.ParentRunner.access$000(ParentRunner.java:58)
	at org.junit.runners.ParentRunner$2.evaluate(ParentRunner.java:268)
	at org.junit.runners.ParentRunner.run(ParentRunner.java:363)
	at org.junit.runners.Suite.runChild(Suite.java:128)
	at org.junit.runners.Suite.runChild(Suite.java:27)
	at org.junit.runners.ParentRunner$3.run(ParentRunner.java:290)
	at org.junit.runners.ParentRunner$1.schedule(ParentRunner.java:71)
	at org.junit.runners.ParentRunner.runChildren(ParentRunner.java:288)
	at org.junit.runners.ParentRunner.access$000(ParentRunner.java:58)
	at org.junit.runners.ParentRunner$2.evaluate(ParentRunner.java:268)
	at org.junit.runners.ParentRunner.run(ParentRunner.java:363)
	at org.apache.maven.surefire.junit4.JUnit4Provider.execute(JUnit4Provider.java:365)
	at org.apache.maven.surefire.junit4.JUnit4Provider.executeWithRerun(JUnit4Provider.java:273)
	at org.apache.maven.surefire.junit4.JUnit4Provider.executeTestSet(JUnit4Provider.java:238)
	at org.apache.maven.surefire.junit4.JUnit4Provider.invoke(JUnit4Provider.java:159)
	at org.apache.maven.surefire.booter.ForkedBooter.invokeProviderInSameClassLoader(ForkedBooter.java:384)
	at org.apache.maven.surefire.booter.ForkedBooter.runSuitesInProcess(ForkedBooter.java:345)
	at org.apache.maven.surefire.booter.ForkedBooter.execute(ForkedBooter.java:126)
	at org.apache.maven.surefire.booter.ForkedBooter.main(ForkedBooter.java:418)
Caused by: org.reflections.ReflectionsException: could not create class file from .gitkeep
	at org.reflections.adapters.JavassistAdapter.getOfCreateClassObject(JavassistAdapter.java:102)
	at org.reflections.adapters.JavassistAdapter.getOfCreateClassObject(JavassistAdapter.java:24)
	at org.reflections.scanners.AbstractScanner.scan(AbstractScanner.java:30)
	... 42 common frames omitted
Caused by: java.io.EOFException: null
	at java.base/java.io.DataInputStream.readInt(DataInputStream.java:397)
	at javassist.bytecode.ClassFile.read(ClassFile.java:823)
	at javassist.bytecode.ClassFile.<init>(ClassFile.java:154)
	at org.reflections.adapters.JavassistAdapter.getOfCreateClassObject(JavassistAdapter.java:100)
	... 44 common frames omitted
16:10:00.410 [main] DEBUG org.reflections.Reflections - could not scan file com/challenge/entity/.gitkeep in url file:/home/ricardorosa/codenation/java-9/target/classes/ with scanner SubTypesScanner
org.reflections.ReflectionsException: could not create class object from file com/challenge/entity/.gitkeep
	at org.reflections.scanners.AbstractScanner.scan(AbstractScanner.java:32)
	at org.reflections.Reflections.scan(Reflections.java:253)
	at org.reflections.Reflections.scan(Reflections.java:202)
	at org.reflections.Reflections.<init>(Reflections.java:123)
	at org.reflections.Reflections.<init>(Reflections.java:168)
	at org.reflections.Reflections.<init>(Reflections.java:141)
	at com.challenge.suite.ClassTest.getClassByNameOrTableName(ClassTest.java:231)
	at com.challenge.suite.ClassTest.newObject(ClassTest.java:172)
	at com.challenge.suite.ClassTest.findFieldAnnotatedBy(ClassTest.java:138)
	at com.challenge.suite.TableWithEmbeddedIdTest.checkPrimaryKeys(TableWithEmbeddedIdTest.java:36)
	at java.base/jdk.internal.reflect.NativeMethodAccessorImpl.invoke0(Native Method)
	at java.base/jdk.internal.reflect.NativeMethodAccessorImpl.invoke(NativeMethodAccessorImpl.java:62)
	at java.base/jdk.internal.reflect.DelegatingMethodAccessorImpl.invoke(DelegatingMethodAccessorImpl.java:43)
	at java.base/java.lang.reflect.Method.invoke(Method.java:566)
	at org.junit.runners.model.FrameworkMethod$1.runReflectiveCall(FrameworkMethod.java:50)
	at org.junit.internal.runners.model.ReflectiveCallable.run(ReflectiveCallable.java:12)
	at org.junit.runners.model.FrameworkMethod.invokeExplosively(FrameworkMethod.java:47)
	at org.junit.internal.runners.statements.InvokeMethod.evaluate(InvokeMethod.java:17)
	at org.junit.runners.ParentRunner.runLeaf(ParentRunner.java:325)
	at org.junit.runners.BlockJUnit4ClassRunner.runChild(BlockJUnit4ClassRunner.java:78)
	at org.junit.runners.BlockJUnit4ClassRunner.runChild(BlockJUnit4ClassRunner.java:57)
	at org.junit.runners.ParentRunner$3.run(ParentRunner.java:290)
	at org.junit.runners.ParentRunner$1.schedule(ParentRunner.java:71)
	at org.junit.runners.ParentRunner.runChildren(ParentRunner.java:288)
	at org.junit.runners.ParentRunner.access$000(ParentRunner.java:58)
	at org.junit.runners.ParentRunner$2.evaluate(ParentRunner.java:268)
	at org.junit.runners.ParentRunner.run(ParentRunner.java:363)
	at org.junit.runners.Suite.runChild(Suite.java:128)
	at org.junit.runners.Suite.runChild(Suite.java:27)
	at org.junit.runners.ParentRunner$3.run(ParentRunner.java:290)
	at org.junit.runners.ParentRunner$1.schedule(ParentRunner.java:71)
	at org.junit.runners.ParentRunner.runChildren(ParentRunner.java:288)
	at org.junit.runners.ParentRunner.access$000(ParentRunner.java:58)
	at org.junit.runners.ParentRunner$2.evaluate(ParentRunner.java:268)
	at org.junit.runners.ParentRunner.run(ParentRunner.java:363)
	at org.apache.maven.surefire.junit4.JUnit4Provider.execute(JUnit4Provider.java:365)
	at org.apache.maven.surefire.junit4.JUnit4Provider.executeWithRerun(JUnit4Provider.java:273)
	at org.apache.maven.surefire.junit4.JUnit4Provider.executeTestSet(JUnit4Provider.java:238)
	at org.apache.maven.surefire.junit4.JUnit4Provider.invoke(JUnit4Provider.java:159)
	at org.apache.maven.surefire.booter.ForkedBooter.invokeProviderInSameClassLoader(ForkedBooter.java:384)
	at org.apache.maven.surefire.booter.ForkedBooter.runSuitesInProcess(ForkedBooter.java:345)
	at org.apache.maven.surefire.booter.ForkedBooter.execute(ForkedBooter.java:126)
	at org.apache.maven.surefire.booter.ForkedBooter.main(ForkedBooter.java:418)
Caused by: org.reflections.ReflectionsException: could not create class file from .gitkeep
	at org.reflections.adapters.JavassistAdapter.getOfCreateClassObject(JavassistAdapter.java:102)
	at org.reflections.adapters.JavassistAdapter.getOfCreateClassObject(JavassistAdapter.java:24)
	at org.reflections.scanners.AbstractScanner.scan(AbstractScanner.java:30)
	... 42 common frames omitted
Caused by: java.io.EOFException: null
	at java.base/java.io.DataInputStream.readInt(DataInputStream.java:397)
	at javassist.bytecode.ClassFile.read(ClassFile.java:823)
	at javassist.bytecode.ClassFile.<init>(ClassFile.java:154)
	at org.reflections.adapters.JavassistAdapter.getOfCreateClassObject(JavassistAdapter.java:100)
	... 44 common frames omitted
16:10:00.415 [main] INFO org.reflections.Reflections - Reflections took 16 ms to scan 1 urls, producing 8 keys and 22 values 
]]></system-out>
  </testcase>
  <testcase name="verifyTableName" classname="com.challenge.suite.CandidateTest" time="0.16"/>
  <testcase name="checkOneToManyFieldsQuantity" classname="com.challenge.suite.CandidateTest" time="0.247"/>
  <testcase name="hasColumnCreatedAtWithAnnotationCreatedDate" classname="com.challenge.suite.CandidateTest" time="0.1"/>
  <testcase name="isEntity" classname="com.challenge.suite.CandidateTest" time="0.073"/>
  <testcase name="isEntityListener" classname="com.challenge.suite.CandidateTest" time="0.128"/>
  <testcase name="checkManyToOneFieldsQuantity" classname="com.challenge.suite.CandidateTest" time="0.06"/>
  <testcase name="hasColumnCreatedAt" classname="com.challenge.suite.CandidateTest" time="0.062"/>
  <testcase name="oneToManyFieldsFieldsAreCollection" classname="com.challenge.suite.CandidateTest" time="0.12"/>
  <testcase name="hasOneToManyAcceleration" classname="com.challenge.suite.ChallengeTest" time="0.073"/>
  <testcase name="hasOneToManySubmission" classname="com.challenge.suite.ChallengeTest" time="0.068"/>
  <testcase name="hasColumnName" classname="com.challenge.suite.ChallengeTest" time="0.065"/>
  <testcase name="hasColumnSlug" classname="com.challenge.suite.ChallengeTest" time="0.065"/>
  <testcase name="hasColumnSlugSize" classname="com.challenge.suite.ChallengeTest" time="0.061"/>
  <testcase name="hasColumnSlugNotNull" classname="com.challenge.suite.ChallengeTest" time="0.06"/>
  <testcase name="hasColumnNameNotNull" classname="com.challenge.suite.ChallengeTest" time="0.066"/>
  <testcase name="hasColumnNameSized" classname="com.challenge.suite.ChallengeTest" time="0.068"/>
  <testcase name="verifyTableName" classname="com.challenge.suite.ChallengeTest" time="0.063"/>
  <testcase name="checkOneToManyFieldsQuantity" classname="com.challenge.suite.ChallengeTest" time="0.063"/>
  <testcase name="hasColumnCreatedAtWithAnnotationCreatedDate" classname="com.challenge.suite.ChallengeTest" time="0.07"/>
  <testcase name="isEntity" classname="com.challenge.suite.ChallengeTest" time="0.078"/>
  <testcase name="isEntityListener" classname="com.challenge.suite.ChallengeTest" time="0.066"/>
  <testcase name="checkManyToOneFieldsQuantity" classname="com.challenge.suite.ChallengeTest" time="0.115"/>
  <testcase name="hasColumnCreatedAt" classname="com.challenge.suite.ChallengeTest" time="0.128"/>
  <testcase name="oneToManyFieldsFieldsAreCollection" classname="com.challenge.suite.ChallengeTest" time="0.059"/>
  <testcase name="hasOneToManyCandidates" classname="com.challenge.suite.CompanyTest" time="0.064"/>
  <testcase name="hasColumnName" classname="com.challenge.suite.CompanyTest" time="0.088"/>
  <testcase name="hasColumnSlug" classname="com.challenge.suite.CompanyTest" time="0.065"/>
  <testcase name="hasColumnSlugSize" classname="com.challenge.suite.CompanyTest" time="0.07"/>
  <testcase name="hasColumnSlugNotNull" classname="com.challenge.suite.CompanyTest" time="0.069"/>
  <testcase name="hasColumnNameNotNull" classname="com.challenge.suite.CompanyTest" time="0.065"/>
  <testcase name="hasColumnNameSized" classname="com.challenge.suite.CompanyTest" time="0.069"/>
  <testcase name="verifyTableName" classname="com.challenge.suite.CompanyTest" time="0.064"/>
  <testcase name="checkOneToManyFieldsQuantity" classname="com.challenge.suite.CompanyTest" time="0.086"/>
  <testcase name="hasColumnCreatedAtWithAnnotationCreatedDate" classname="com.challenge.suite.CompanyTest" time="0.071"/>
  <testcase name="isEntity" classname="com.challenge.suite.CompanyTest" time="0.063"/>
  <testcase name="isEntityListener" classname="com.challenge.suite.CompanyTest" time="0.059"/>
  <testcase name="checkManyToOneFieldsQuantity" classname="com.challenge.suite.CompanyTest" time="0.064"/>
  <testcase name="hasColumnCreatedAt" classname="com.challenge.suite.CompanyTest" time="0.067"/>
  <testcase name="oneToManyFieldsFieldsAreCollection" classname="com.challenge.suite.CompanyTest" time="0.071"/>
  <testcase name="hasColumnScore" classname="com.challenge.suite.SubmissionTest" time="0.073"/>
  <testcase name="hasColumnScoreNotNull" classname="com.challenge.suite.SubmissionTest" time="0.066"/>
  <testcase name="checkPrimaryKeysWithManyToOne" classname="com.challenge.suite.SubmissionTest" time="0.064">
    <error type="java.lang.NullPointerException">java.lang.NullPointerException
</error>
    <system-out><![CDATA[16:10:01.758 [main] DEBUG org.reflections.Reflections - going to scan these urls:
file:/home/ricardorosa/codenation/java-9/target/classes/
16:10:01.765 [main] DEBUG org.reflections.Reflections - could not scan file com/challenge/entity/.gitkeep in url file:/home/ricardorosa/codenation/java-9/target/classes/ with scanner TypeAnnotationsScanner
org.reflections.ReflectionsException: could not create class object from file com/challenge/entity/.gitkeep
	at org.reflections.scanners.AbstractScanner.scan(AbstractScanner.java:32)
	at org.reflections.Reflections.scan(Reflections.java:253)
	at org.reflections.Reflections.scan(Reflections.java:202)
	at org.reflections.Reflections.<init>(Reflections.java:123)
	at org.reflections.Reflections.<init>(Reflections.java:168)
	at org.reflections.Reflections.<init>(Reflections.java:141)
	at com.challenge.suite.ClassTest.getClassByNameOrTableName(ClassTest.java:231)
	at com.challenge.suite.ClassTest.newObject(ClassTest.java:172)
	at com.challenge.suite.ClassTest.findFieldAnnotatedBy(ClassTest.java:138)
	at com.challenge.suite.TableWithEmbeddedIdTest.checkPrimaryKeysWithManyToOne(TableWithEmbeddedIdTest.java:46)
	at java.base/jdk.internal.reflect.NativeMethodAccessorImpl.invoke0(Native Method)
	at java.base/jdk.internal.reflect.NativeMethodAccessorImpl.invoke(NativeMethodAccessorImpl.java:62)
	at java.base/jdk.internal.reflect.DelegatingMethodAccessorImpl.invoke(DelegatingMethodAccessorImpl.java:43)
	at java.base/java.lang.reflect.Method.invoke(Method.java:566)
	at org.junit.runners.model.FrameworkMethod$1.runReflectiveCall(FrameworkMethod.java:50)
	at org.junit.internal.runners.model.ReflectiveCallable.run(ReflectiveCallable.java:12)
	at org.junit.runners.model.FrameworkMethod.invokeExplosively(FrameworkMethod.java:47)
	at org.junit.internal.runners.statements.InvokeMethod.evaluate(InvokeMethod.java:17)
	at org.junit.runners.ParentRunner.runLeaf(ParentRunner.java:325)
	at org.junit.runners.BlockJUnit4ClassRunner.runChild(BlockJUnit4ClassRunner.java:78)
	at org.junit.runners.BlockJUnit4ClassRunner.runChild(BlockJUnit4ClassRunner.java:57)
	at org.junit.runners.ParentRunner$3.run(ParentRunner.java:290)
	at org.junit.runners.ParentRunner$1.schedule(ParentRunner.java:71)
	at org.junit.runners.ParentRunner.runChildren(ParentRunner.java:288)
	at org.junit.runners.ParentRunner.access$000(ParentRunner.java:58)
	at org.junit.runners.ParentRunner$2.evaluate(ParentRunner.java:268)
	at org.junit.runners.ParentRunner.run(ParentRunner.java:363)
	at org.junit.runners.Suite.runChild(Suite.java:128)
	at org.junit.runners.Suite.runChild(Suite.java:27)
	at org.junit.runners.ParentRunner$3.run(ParentRunner.java:290)
	at org.junit.runners.ParentRunner$1.schedule(ParentRunner.java:71)
	at org.junit.runners.ParentRunner.runChildren(ParentRunner.java:288)
	at org.junit.runners.ParentRunner.access$000(ParentRunner.java:58)
	at org.junit.runners.ParentRunner$2.evaluate(ParentRunner.java:268)
	at org.junit.runners.ParentRunner.run(ParentRunner.java:363)
	at org.apache.maven.surefire.junit4.JUnit4Provider.execute(JUnit4Provider.java:365)
	at org.apache.maven.surefire.junit4.JUnit4Provider.executeWithRerun(JUnit4Provider.java:273)
	at org.apache.maven.surefire.junit4.JUnit4Provider.executeTestSet(JUnit4Provider.java:238)
	at org.apache.maven.surefire.junit4.JUnit4Provider.invoke(JUnit4Provider.java:159)
	at org.apache.maven.surefire.booter.ForkedBooter.invokeProviderInSameClassLoader(ForkedBooter.java:384)
	at org.apache.maven.surefire.booter.ForkedBooter.runSuitesInProcess(ForkedBooter.java:345)
	at org.apache.maven.surefire.booter.ForkedBooter.execute(ForkedBooter.java:126)
	at org.apache.maven.surefire.booter.ForkedBooter.main(ForkedBooter.java:418)
Caused by: org.reflections.ReflectionsException: could not create class file from .gitkeep
	at org.reflections.adapters.JavassistAdapter.getOfCreateClassObject(JavassistAdapter.java:102)
	at org.reflections.adapters.JavassistAdapter.getOfCreateClassObject(JavassistAdapter.java:24)
	at org.reflections.scanners.AbstractScanner.scan(AbstractScanner.java:30)
	... 42 common frames omitted
Caused by: java.io.EOFException: null
	at java.base/java.io.DataInputStream.readInt(DataInputStream.java:397)
	at javassist.bytecode.ClassFile.read(ClassFile.java:823)
	at javassist.bytecode.ClassFile.<init>(ClassFile.java:154)
	at org.reflections.adapters.JavassistAdapter.getOfCreateClassObject(JavassistAdapter.java:100)
	... 44 common frames omitted
16:10:01.767 [main] DEBUG org.reflections.Reflections - could not scan file com/challenge/entity/.gitkeep in url file:/home/ricardorosa/codenation/java-9/target/classes/ with scanner SubTypesScanner
org.reflections.ReflectionsException: could not create class object from file com/challenge/entity/.gitkeep
	at org.reflections.scanners.AbstractScanner.scan(AbstractScanner.java:32)
	at org.reflections.Reflections.scan(Reflections.java:253)
	at org.reflections.Reflections.scan(Reflections.java:202)
	at org.reflections.Reflections.<init>(Reflections.java:123)
	at org.reflections.Reflections.<init>(Reflections.java:168)
	at org.reflections.Reflections.<init>(Reflections.java:141)
	at com.challenge.suite.ClassTest.getClassByNameOrTableName(ClassTest.java:231)
	at com.challenge.suite.ClassTest.newObject(ClassTest.java:172)
	at com.challenge.suite.ClassTest.findFieldAnnotatedBy(ClassTest.java:138)
	at com.challenge.suite.TableWithEmbeddedIdTest.checkPrimaryKeysWithManyToOne(TableWithEmbeddedIdTest.java:46)
	at java.base/jdk.internal.reflect.NativeMethodAccessorImpl.invoke0(Native Method)
	at java.base/jdk.internal.reflect.NativeMethodAccessorImpl.invoke(NativeMethodAccessorImpl.java:62)
	at java.base/jdk.internal.reflect.DelegatingMethodAccessorImpl.invoke(DelegatingMethodAccessorImpl.java:43)
	at java.base/java.lang.reflect.Method.invoke(Method.java:566)
	at org.junit.runners.model.FrameworkMethod$1.runReflectiveCall(FrameworkMethod.java:50)
	at org.junit.internal.runners.model.ReflectiveCallable.run(ReflectiveCallable.java:12)
	at org.junit.runners.model.FrameworkMethod.invokeExplosively(FrameworkMethod.java:47)
	at org.junit.internal.runners.statements.InvokeMethod.evaluate(InvokeMethod.java:17)
	at org.junit.runners.ParentRunner.runLeaf(ParentRunner.java:325)
	at org.junit.runners.BlockJUnit4ClassRunner.runChild(BlockJUnit4ClassRunner.java:78)
	at org.junit.runners.BlockJUnit4ClassRunner.runChild(BlockJUnit4ClassRunner.java:57)
	at org.junit.runners.ParentRunner$3.run(ParentRunner.java:290)
	at org.junit.runners.ParentRunner$1.schedule(ParentRunner.java:71)
	at org.junit.runners.ParentRunner.runChildren(ParentRunner.java:288)
	at org.junit.runners.ParentRunner.access$000(ParentRunner.java:58)
	at org.junit.runners.ParentRunner$2.evaluate(ParentRunner.java:268)
	at org.junit.runners.ParentRunner.run(ParentRunner.java:363)
	at org.junit.runners.Suite.runChild(Suite.java:128)
	at org.junit.runners.Suite.runChild(Suite.java:27)
	at org.junit.runners.ParentRunner$3.run(ParentRunner.java:290)
	at org.junit.runners.ParentRunner$1.schedule(ParentRunner.java:71)
	at org.junit.runners.ParentRunner.runChildren(ParentRunner.java:288)
	at org.junit.runners.ParentRunner.access$000(ParentRunner.java:58)
	at org.junit.runners.ParentRunner$2.evaluate(ParentRunner.java:268)
	at org.junit.runners.ParentRunner.run(ParentRunner.java:363)
	at org.apache.maven.surefire.junit4.JUnit4Provider.execute(JUnit4Provider.java:365)
	at org.apache.maven.surefire.junit4.JUnit4Provider.executeWithRerun(JUnit4Provider.java:273)
	at org.apache.maven.surefire.junit4.JUnit4Provider.executeTestSet(JUnit4Provider.java:238)
	at org.apache.maven.surefire.junit4.JUnit4Provider.invoke(JUnit4Provider.java:159)
	at org.apache.maven.surefire.booter.ForkedBooter.invokeProviderInSameClassLoader(ForkedBooter.java:384)
	at org.apache.maven.surefire.booter.ForkedBooter.runSuitesInProcess(ForkedBooter.java:345)
	at org.apache.maven.surefire.booter.ForkedBooter.execute(ForkedBooter.java:126)
	at org.apache.maven.surefire.booter.ForkedBooter.main(ForkedBooter.java:418)
Caused by: org.reflections.ReflectionsException: could not create class file from .gitkeep
	at org.reflections.adapters.JavassistAdapter.getOfCreateClassObject(JavassistAdapter.java:102)
	at org.reflections.adapters.JavassistAdapter.getOfCreateClassObject(JavassistAdapter.java:24)
	at org.reflections.scanners.AbstractScanner.scan(AbstractScanner.java:30)
	... 42 common frames omitted
Caused by: java.io.EOFException: null
	at java.base/java.io.DataInputStream.readInt(DataInputStream.java:397)
	at javassist.bytecode.ClassFile.read(ClassFile.java:823)
	at javassist.bytecode.ClassFile.<init>(ClassFile.java:154)
	at org.reflections.adapters.JavassistAdapter.getOfCreateClassObject(JavassistAdapter.java:100)
	... 44 common frames omitted
16:10:01.771 [main] INFO org.reflections.Reflections - Reflections took 13 ms to scan 1 urls, producing 8 keys and 22 values 
]]></system-out>
  </testcase>
  <testcase name="hasEmbeddedId" classname="com.challenge.suite.SubmissionTest" time="0.056"/>
  <testcase name="checkEmbeddedIdIsEmbeddable" classname="com.challenge.suite.SubmissionTest" time="0.047"/>
  <testcase name="checkPrimaryKeys" classname="com.challenge.suite.SubmissionTest" time="0.063">
    <error type="java.lang.NullPointerException">java.lang.NullPointerException
</error>
    <system-out><![CDATA[16:10:01.817 [main] DEBUG org.reflections.Reflections - going to scan these urls:
file:/home/ricardorosa/codenation/java-9/target/classes/
16:10:01.825 [main] DEBUG org.reflections.Reflections - could not scan file com/challenge/entity/.gitkeep in url file:/home/ricardorosa/codenation/java-9/target/classes/ with scanner TypeAnnotationsScanner
org.reflections.ReflectionsException: could not create class object from file com/challenge/entity/.gitkeep
	at org.reflections.scanners.AbstractScanner.scan(AbstractScanner.java:32)
	at org.reflections.Reflections.scan(Reflections.java:253)
	at org.reflections.Reflections.scan(Reflections.java:202)
	at org.reflections.Reflections.<init>(Reflections.java:123)
	at org.reflections.Reflections.<init>(Reflections.java:168)
	at org.reflections.Reflections.<init>(Reflections.java:141)
	at com.challenge.suite.ClassTest.getClassByNameOrTableName(ClassTest.java:231)
	at com.challenge.suite.ClassTest.newObject(ClassTest.java:172)
	at com.challenge.suite.ClassTest.findFieldAnnotatedBy(ClassTest.java:138)
	at com.challenge.suite.TableWithEmbeddedIdTest.checkPrimaryKeys(TableWithEmbeddedIdTest.java:36)
	at java.base/jdk.internal.reflect.NativeMethodAccessorImpl.invoke0(Native Method)
	at java.base/jdk.internal.reflect.NativeMethodAccessorImpl.invoke(NativeMethodAccessorImpl.java:62)
	at java.base/jdk.internal.reflect.DelegatingMethodAccessorImpl.invoke(DelegatingMethodAccessorImpl.java:43)
	at java.base/java.lang.reflect.Method.invoke(Method.java:566)
	at org.junit.runners.model.FrameworkMethod$1.runReflectiveCall(FrameworkMethod.java:50)
	at org.junit.internal.runners.model.ReflectiveCallable.run(ReflectiveCallable.java:12)
	at org.junit.runners.model.FrameworkMethod.invokeExplosively(FrameworkMethod.java:47)
	at org.junit.internal.runners.statements.InvokeMethod.evaluate(InvokeMethod.java:17)
	at org.junit.runners.ParentRunner.runLeaf(ParentRunner.java:325)
	at org.junit.runners.BlockJUnit4ClassRunner.runChild(BlockJUnit4ClassRunner.java:78)
	at org.junit.runners.BlockJUnit4ClassRunner.runChild(BlockJUnit4ClassRunner.java:57)
	at org.junit.runners.ParentRunner$3.run(ParentRunner.java:290)
	at org.junit.runners.ParentRunner$1.schedule(ParentRunner.java:71)
	at org.junit.runners.ParentRunner.runChildren(ParentRunner.java:288)
	at org.junit.runners.ParentRunner.access$000(ParentRunner.java:58)
	at org.junit.runners.ParentRunner$2.evaluate(ParentRunner.java:268)
	at org.junit.runners.ParentRunner.run(ParentRunner.java:363)
	at org.junit.runners.Suite.runChild(Suite.java:128)
	at org.junit.runners.Suite.runChild(Suite.java:27)
	at org.junit.runners.ParentRunner$3.run(ParentRunner.java:290)
	at org.junit.runners.ParentRunner$1.schedule(ParentRunner.java:71)
	at org.junit.runners.ParentRunner.runChildren(ParentRunner.java:288)
	at org.junit.runners.ParentRunner.access$000(ParentRunner.java:58)
	at org.junit.runners.ParentRunner$2.evaluate(ParentRunner.java:268)
	at org.junit.runners.ParentRunner.run(ParentRunner.java:363)
	at org.apache.maven.surefire.junit4.JUnit4Provider.execute(JUnit4Provider.java:365)
	at org.apache.maven.surefire.junit4.JUnit4Provider.executeWithRerun(JUnit4Provider.java:273)
	at org.apache.maven.surefire.junit4.JUnit4Provider.executeTestSet(JUnit4Provider.java:238)
	at org.apache.maven.surefire.junit4.JUnit4Provider.invoke(JUnit4Provider.java:159)
	at org.apache.maven.surefire.booter.ForkedBooter.invokeProviderInSameClassLoader(ForkedBooter.java:384)
	at org.apache.maven.surefire.booter.ForkedBooter.runSuitesInProcess(ForkedBooter.java:345)
	at org.apache.maven.surefire.booter.ForkedBooter.execute(ForkedBooter.java:126)
	at org.apache.maven.surefire.booter.ForkedBooter.main(ForkedBooter.java:418)
Caused by: org.reflections.ReflectionsException: could not create class file from .gitkeep
	at org.reflections.adapters.JavassistAdapter.getOfCreateClassObject(JavassistAdapter.java:102)
	at org.reflections.adapters.JavassistAdapter.getOfCreateClassObject(JavassistAdapter.java:24)
	at org.reflections.scanners.AbstractScanner.scan(AbstractScanner.java:30)
	... 42 common frames omitted
Caused by: java.io.EOFException: null
	at java.base/java.io.DataInputStream.readInt(DataInputStream.java:397)
	at javassist.bytecode.ClassFile.read(ClassFile.java:823)
	at javassist.bytecode.ClassFile.<init>(ClassFile.java:154)
	at org.reflections.adapters.JavassistAdapter.getOfCreateClassObject(JavassistAdapter.java:100)
	... 44 common frames omitted
16:10:01.827 [main] DEBUG org.reflections.Reflections - could not scan file com/challenge/entity/.gitkeep in url file:/home/ricardorosa/codenation/java-9/target/classes/ with scanner SubTypesScanner
org.reflections.ReflectionsException: could not create class object from file com/challenge/entity/.gitkeep
	at org.reflections.scanners.AbstractScanner.scan(AbstractScanner.java:32)
	at org.reflections.Reflections.scan(Reflections.java:253)
	at org.reflections.Reflections.scan(Reflections.java:202)
	at org.reflections.Reflections.<init>(Reflections.java:123)
	at org.reflections.Reflections.<init>(Reflections.java:168)
	at org.reflections.Reflections.<init>(Reflections.java:141)
	at com.challenge.suite.ClassTest.getClassByNameOrTableName(ClassTest.java:231)
	at com.challenge.suite.ClassTest.newObject(ClassTest.java:172)
	at com.challenge.suite.ClassTest.findFieldAnnotatedBy(ClassTest.java:138)
	at com.challenge.suite.TableWithEmbeddedIdTest.checkPrimaryKeys(TableWithEmbeddedIdTest.java:36)
	at java.base/jdk.internal.reflect.NativeMethodAccessorImpl.invoke0(Native Method)
	at java.base/jdk.internal.reflect.NativeMethodAccessorImpl.invoke(NativeMethodAccessorImpl.java:62)
	at java.base/jdk.internal.reflect.DelegatingMethodAccessorImpl.invoke(DelegatingMethodAccessorImpl.java:43)
	at java.base/java.lang.reflect.Method.invoke(Method.java:566)
	at org.junit.runners.model.FrameworkMethod$1.runReflectiveCall(FrameworkMethod.java:50)
	at org.junit.internal.runners.model.ReflectiveCallable.run(ReflectiveCallable.java:12)
	at org.junit.runners.model.FrameworkMethod.invokeExplosively(FrameworkMethod.java:47)
	at org.junit.internal.runners.statements.InvokeMethod.evaluate(InvokeMethod.java:17)
	at org.junit.runners.ParentRunner.runLeaf(ParentRunner.java:325)
	at org.junit.runners.BlockJUnit4ClassRunner.runChild(BlockJUnit4ClassRunner.java:78)
	at org.junit.runners.BlockJUnit4ClassRunner.runChild(BlockJUnit4ClassRunner.java:57)
	at org.junit.runners.ParentRunner$3.run(ParentRunner.java:290)
	at org.junit.runners.ParentRunner$1.schedule(ParentRunner.java:71)
	at org.junit.runners.ParentRunner.runChildren(ParentRunner.java:288)
	at org.junit.runners.ParentRunner.access$000(ParentRunner.java:58)
	at org.junit.runners.ParentRunner$2.evaluate(ParentRunner.java:268)
	at org.junit.runners.ParentRunner.run(ParentRunner.java:363)
	at org.junit.runners.Suite.runChild(Suite.java:128)
	at org.junit.runners.Suite.runChild(Suite.java:27)
	at org.junit.runners.ParentRunner$3.run(ParentRunner.java:290)
	at org.junit.runners.ParentRunner$1.schedule(ParentRunner.java:71)
	at org.junit.runners.ParentRunner.runChildren(ParentRunner.java:288)
	at org.junit.runners.ParentRunner.access$000(ParentRunner.java:58)
	at org.junit.runners.ParentRunner$2.evaluate(ParentRunner.java:268)
	at org.junit.runners.ParentRunner.run(ParentRunner.java:363)
	at org.apache.maven.surefire.junit4.JUnit4Provider.execute(JUnit4Provider.java:365)
	at org.apache.maven.surefire.junit4.JUnit4Provider.executeWithRerun(JUnit4Provider.java:273)
	at org.apache.maven.surefire.junit4.JUnit4Provider.executeTestSet(JUnit4Provider.java:238)
	at org.apache.maven.surefire.junit4.JUnit4Provider.invoke(JUnit4Provider.java:159)
	at org.apache.maven.surefire.booter.ForkedBooter.invokeProviderInSameClassLoader(ForkedBooter.java:384)
	at org.apache.maven.surefire.booter.ForkedBooter.runSuitesInProcess(ForkedBooter.java:345)
	at org.apache.maven.surefire.booter.ForkedBooter.execute(ForkedBooter.java:126)
	at org.apache.maven.surefire.booter.ForkedBooter.main(ForkedBooter.java:418)
Caused by: org.reflections.ReflectionsException: could not create class file from .gitkeep
	at org.reflections.adapters.JavassistAdapter.getOfCreateClassObject(JavassistAdapter.java:102)
	at org.reflections.adapters.JavassistAdapter.getOfCreateClassObject(JavassistAdapter.java:24)
	at org.reflections.scanners.AbstractScanner.scan(AbstractScanner.java:30)
	... 42 common frames omitted
Caused by: java.io.EOFException: null
	at java.base/java.io.DataInputStream.readInt(DataInputStream.java:397)
	at javassist.bytecode.ClassFile.read(ClassFile.java:823)
	at javassist.bytecode.ClassFile.<init>(ClassFile.java:154)
	at org.reflections.adapters.JavassistAdapter.getOfCreateClassObject(JavassistAdapter.java:100)
	... 44 common frames omitted
16:10:01.841 [main] INFO org.reflections.Reflections - Reflections took 23 ms to scan 1 urls, producing 8 keys and 22 values 
]]></system-out>
  </testcase>
  <testcase name="verifyTableName" classname="com.challenge.suite.SubmissionTest" time="0.057"/>
  <testcase name="checkOneToManyFieldsQuantity" classname="com.challenge.suite.SubmissionTest" time="0.063"/>
  <testcase name="hasColumnCreatedAtWithAnnotationCreatedDate" classname="com.challenge.suite.SubmissionTest" time="0.056"/>
  <testcase name="isEntity" classname="com.challenge.suite.SubmissionTest" time="0.043"/>
  <testcase name="isEntityListener" classname="com.challenge.suite.SubmissionTest" time="0.061"/>
  <testcase name="checkManyToOneFieldsQuantity" classname="com.challenge.suite.SubmissionTest" time="0.06"/>
  <testcase name="hasColumnCreatedAt" classname="com.challenge.suite.SubmissionTest" time="0.064"/>
  <testcase name="oneToManyFieldsFieldsAreCollection" classname="com.challenge.suite.SubmissionTest" time="0.069"/>
  <testcase name="hasColumnNicknameNotNull" classname="com.challenge.suite.UserTest" time="0.127"/>
  <testcase name="hasOneToManySubmissions" classname="com.challenge.suite.UserTest" time="0.069"/>
  <testcase name="hasColumnEmailSize" classname="com.challenge.suite.UserTest" time="0.067"/>
  <testcase name="hasColumnPasswordSize" classname="com.challenge.suite.UserTest" time="0.072"/>
  <testcase name="hasColumnEmail" classname="com.challenge.suite.UserTest" time="0.069"/>
  <testcase name="hasColumnFullNameSize" classname="com.challenge.suite.UserTest" time="0.068"/>
  <testcase name="hasColumnNicknameSize" classname="com.challenge.suite.UserTest" time="0.073"/>
  <testcase name="hasColumnFullNameNotNull" classname="com.challenge.suite.UserTest" time="0.072"/>
  <testcase name="hasColumnEmailNotNull" classname="com.challenge.suite.UserTest" time="0.067"/>
  <testcase name="hasColumnNickname" classname="com.challenge.suite.UserTest" time="0.07"/>
  <testcase name="hasOneToManyCandidates" classname="com.challenge.suite.UserTest" time="0.07"/>
  <testcase name="hasColumnPasswordNotNull" classname="com.challenge.suite.UserTest" time="0.065"/>
  <testcase name="hasColumnPassword" classname="com.challenge.suite.UserTest" time="0.066"/>
  <testcase name="hasColumnFullName" classname="com.challenge.suite.UserTest" time="0.061"/>
  <testcase name="hasColumnEmailWithEmailAnnotation" classname="com.challenge.suite.UserTest" time="0.092"/>
  <testcase name="hasColumnId" classname="com.challenge.suite.UserTest" time="0.077"/>
  <testcase name="hasIdWithAnnotationId" classname="com.challenge.suite.UserTest" time="0.064"/>
  <testcase name="hasIdWithAnnotationGeneratedValueWithStrategyIdentity" classname="com.challenge.suite.UserTest" time="0.066"/>
  <testcase name="hasIdWithAnnotationGeneratedValue" classname="com.challenge.suite.UserTest" time="0.055"/>
  <testcase name="verifyTableName" classname="com.challenge.suite.UserTest" time="0.071"/>
  <testcase name="checkOneToManyFieldsQuantity" classname="com.challenge.suite.UserTest" time="0.071"/>
  <testcase name="hasColumnCreatedAtWithAnnotationCreatedDate" classname="com.challenge.suite.UserTest" time="0.063"/>
  <testcase name="isEntity" classname="com.challenge.suite.UserTest" time="0.079"/>
  <testcase name="isEntityListener" classname="com.challenge.suite.UserTest" time="0.059"/>
  <testcase name="checkManyToOneFieldsQuantity" classname="com.challenge.suite.UserTest" time="0.057"/>
  <testcase name="hasColumnCreatedAt" classname="com.challenge.suite.UserTest" time="0.058"/>
  <testcase name="oneToManyFieldsFieldsAreCollection" classname="com.challenge.suite.UserTest" time="0.06"/>
</testsuite>